15:09:43.157 INFO [GridLauncherV3.parse] - Selenium server version: 3.141.59, revision: e82be7d358
15:09:43.227 INFO [GridLauncherV3.lambda$buildLaunchers$3] - Launching a standalone Selenium Server on port 4444
2019-08-08 15:09:43.265:INFO::main: Logging initialized @308ms to org.seleniumhq.jetty9.util.log.StdErrLog
15:09:43.433 INFO [WebDriverServlet.<init>] - Initialising WebDriverServlet
15:09:43.563 INFO [SeleniumServer.boot] - Selenium Server is up and running on port 4444
15:09:44.167 INFO [ActiveSessionFactory.apply] - Capabilities are: {
  "acceptSslCerts": true,
  "browserName": "chrome",
  "chromeOptions": {
    "args": [
    ],
    "w3c": false
  },
  "name": "Duckgotest"
}
15:09:44.168 INFO [ActiveSessionFactory.lambda$apply$11] - Matched factory org.openqa.selenium.grid.session.remote.ServicedSession$Factory (provider: org.openqa.selenium.chrome.ChromeDriverService)
Starting ChromeDriver 76.0.3809.68 (420c9498db8ce8fcd190a954d51297672c1515d5-refs/branch-heads/3809@{#864}) on port 17959
Only local connections are allowed.
Please protect ports used by ChromeDriver and related test frameworks to prevent access by malicious code.
15:09:47.076 INFO [ProtocolHandshake.createSession] - Detected dialect: OSS
15:09:47.318 INFO [RemoteSession$Factory.lambda$performHandshake$0] - Started new session eb1d9247a7b898e447dda1c331a20f15 (org.openqa.selenium.chrome.ChromeDriverService)
15:10:06.907 INFO [ActiveSessions$1.onStop] - Removing session eb1d9247a7b898e447dda1c331a20f15 (org.openqa.selenium.chrome.ChromeDriverService)
